<?xml version="1.0" encoding="UTF-8"?>
<robot generator="Robot 2.9 (Jython 2.7.0 on java1.8.0_51)" generated="20160904 11:13:43.425">
<suite source="C:\Users\Cody\Desktop\tic-tac-toe\acceptance\TicTacToeTests.txt" name="TicTacToeTests" id="s1">
<test name="Win Diagonally as X" id="s1-t1">
<kw library="TicTacToeKeywords" name="Start New Game">
<status endtime="20160904 11:13:43.786" starttime="20160904 11:13:43.784" status="PASS"></status>
</kw>
<kw library="TicTacToeKeywords" name="Mark Location">
<arguments>
<arg>1</arg>
<arg>1</arg>
</arguments>
<status endtime="20160904 11:13:43.791" starttime="20160904 11:13:43.788" status="PASS"></status>
</kw>
<kw name="Check Location">
<arguments>
<arg>1</arg>
<arg>1</arg>
<arg>X</arg>
</arguments>
<kw library="TicTacToeKeywords" name="Get Mark">
<arguments>
<arg>${row}</arg>
<arg>${col}</arg>
</arguments>
<assign>
<var>${m}</var>
</assign>
<msg level="INFO" timestamp="20160904 11:13:43.801">${m} = X</msg>
<status endtime="20160904 11:13:43.802" starttime="20160904 11:13:43.798" status="PASS"></status>
</kw>
<kw library="BuiltIn" name="Should Be Equal">
<doc>Fails if the given objects are unequal.</doc>
<arguments>
<arg>${m}</arg>
<arg>${mark}</arg>
</arguments>
<status endtime="20160904 11:13:43.806" starttime="20160904 11:13:43.803" status="PASS"></status>
</kw>
<status endtime="20160904 11:13:43.807" starttime="20160904 11:13:43.792" status="PASS"></status>
</kw>
<kw library="TicTacToeKeywords" name="Mark Location">
<arguments>
<arg>0</arg>
<arg>1</arg>
</arguments>
<status endtime="20160904 11:13:43.810" starttime="20160904 11:13:43.808" status="PASS"></status>
</kw>
<kw name="Check Location">
<arguments>
<arg>0</arg>
<arg>1</arg>
<arg>O</arg>
</arguments>
<kw library="TicTacToeKeywords" name="Get Mark">
<arguments>
<arg>${row}</arg>
<arg>${col}</arg>
</arguments>
<assign>
<var>${m}</var>
</assign>
<msg level="INFO" timestamp="20160904 11:13:43.819">${m} = O</msg>
<status endtime="20160904 11:13:43.819" starttime="20160904 11:13:43.815" status="PASS"></status>
</kw>
<kw library="BuiltIn" name="Should Be Equal">
<doc>Fails if the given objects are unequal.</doc>
<arguments>
<arg>${m}</arg>
<arg>${mark}</arg>
</arguments>
<status endtime="20160904 11:13:43.824" starttime="20160904 11:13:43.821" status="PASS"></status>
</kw>
<status endtime="20160904 11:13:43.826" starttime="20160904 11:13:43.811" status="PASS"></status>
</kw>
<kw library="TicTacToeKeywords" name="Mark Location">
<arguments>
<arg>0</arg>
<arg>0</arg>
</arguments>
<status endtime="20160904 11:13:43.830" starttime="20160904 11:13:43.827" status="PASS"></status>
</kw>
<kw name="Check Location">
<arguments>
<arg>0</arg>
<arg>0</arg>
<arg>X</arg>
</arguments>
<kw library="TicTacToeKeywords" name="Get Mark">
<arguments>
<arg>${row}</arg>
<arg>${col}</arg>
</arguments>
<assign>
<var>${m}</var>
</assign>
<msg level="INFO" timestamp="20160904 11:13:43.836">${m} = X</msg>
<status endtime="20160904 11:13:43.837" starttime="20160904 11:13:43.833" status="PASS"></status>
</kw>
<kw library="BuiltIn" name="Should Be Equal">
<doc>Fails if the given objects are unequal.</doc>
<arguments>
<arg>${m}</arg>
<arg>${mark}</arg>
</arguments>
<status endtime="20160904 11:13:43.840" starttime="20160904 11:13:43.838" status="PASS"></status>
</kw>
<status endtime="20160904 11:13:43.841" starttime="20160904 11:13:43.831" status="PASS"></status>
</kw>
<kw library="TicTacToeKeywords" name="Mark Location">
<arguments>
<arg>0</arg>
<arg>2</arg>
</arguments>
<status endtime="20160904 11:13:43.844" starttime="20160904 11:13:43.842" status="PASS"></status>
</kw>
<kw name="Check Location">
<arguments>
<arg>0</arg>
<arg>2</arg>
<arg>O</arg>
</arguments>
<kw library="TicTacToeKeywords" name="Get Mark">
<arguments>
<arg>${row}</arg>
<arg>${col}</arg>
</arguments>
<assign>
<var>${m}</var>
</assign>
<msg level="INFO" timestamp="20160904 11:13:43.850">${m} = O</msg>
<status endtime="20160904 11:13:43.851" starttime="20160904 11:13:43.848" status="PASS"></status>
</kw>
<kw library="BuiltIn" name="Should Be Equal">
<doc>Fails if the given objects are unequal.</doc>
<arguments>
<arg>${m}</arg>
<arg>${mark}</arg>
</arguments>
<status endtime="20160904 11:13:43.854" starttime="20160904 11:13:43.852" status="PASS"></status>
</kw>
<status endtime="20160904 11:13:43.855" starttime="20160904 11:13:43.845" status="PASS"></status>
</kw>
<kw library="TicTacToeKeywords" name="Mark Location">
<arguments>
<arg>2</arg>
<arg>2</arg>
</arguments>
<status endtime="20160904 11:13:43.861" starttime="20160904 11:13:43.859" status="PASS"></status>
</kw>
<kw name="Check Location">
<arguments>
<arg>2</arg>
<arg>2</arg>
<arg>X</arg>
</arguments>
<kw library="TicTacToeKeywords" name="Get Mark">
<arguments>
<arg>${row}</arg>
<arg>${col}</arg>
</arguments>
<assign>
<var>${m}</var>
</assign>
<msg level="INFO" timestamp="20160904 11:13:43.869">${m} = X</msg>
<status endtime="20160904 11:13:43.870" starttime="20160904 11:13:43.865" status="PASS"></status>
</kw>
<kw library="BuiltIn" name="Should Be Equal">
<doc>Fails if the given objects are unequal.</doc>
<arguments>
<arg>${m}</arg>
<arg>${mark}</arg>
</arguments>
<status endtime="20160904 11:13:43.874" starttime="20160904 11:13:43.871" status="PASS"></status>
</kw>
<status endtime="20160904 11:13:43.875" starttime="20160904 11:13:43.862" status="PASS"></status>
</kw>
<kw name="Winner Should Be">
<arguments>
<arg>X</arg>
</arguments>
<kw library="TicTacToeKeywords" name="Get Winner">
<assign>
<var>${m}</var>
</assign>
<msg level="INFO" timestamp="20160904 11:13:43.880">${m} = X</msg>
<status endtime="20160904 11:13:43.880" starttime="20160904 11:13:43.878" status="PASS"></status>
</kw>
<kw library="BuiltIn" name="Should Be Equal">
<doc>Fails if the given objects are unequal.</doc>
<arguments>
<arg>${m}</arg>
<arg>${mark}</arg>
</arguments>
<status endtime="20160904 11:13:43.884" starttime="20160904 11:13:43.881" status="PASS"></status>
</kw>
<status endtime="20160904 11:13:43.885" starttime="20160904 11:13:43.876" status="PASS"></status>
</kw>
<status critical="yes" endtime="20160904 11:13:43.886" starttime="20160904 11:13:43.780" status="PASS"></status>
</test>
<test name="Win Horizontally as O" id="s1-t2">
<kw library="TicTacToeKeywords" name="Start New Game">
<status endtime="20160904 11:13:43.894" starttime="20160904 11:13:43.893" status="PASS"></status>
</kw>
<kw library="TicTacToeKeywords" name="Mark Location">
<arguments>
<arg>1</arg>
<arg>1</arg>
</arguments>
<status endtime="20160904 11:13:43.898" starttime="20160904 11:13:43.896" status="PASS"></status>
</kw>
<kw name="Check Location">
<arguments>
<arg>1</arg>
<arg>1</arg>
<arg>X</arg>
</arguments>
<kw library="TicTacToeKeywords" name="Get Mark">
<arguments>
<arg>${row}</arg>
<arg>${col}</arg>
</arguments>
<assign>
<var>${m}</var>
</assign>
<msg level="INFO" timestamp="20160904 11:13:43.903">${m} = X</msg>
<status endtime="20160904 11:13:43.904" starttime="20160904 11:13:43.901" status="PASS"></status>
</kw>
<kw library="BuiltIn" name="Should Be Equal">
<doc>Fails if the given objects are unequal.</doc>
<arguments>
<arg>${m}</arg>
<arg>${mark}</arg>
</arguments>
<status endtime="20160904 11:13:43.908" starttime="20160904 11:13:43.905" status="PASS"></status>
</kw>
<status endtime="20160904 11:13:43.909" starttime="20160904 11:13:43.898" status="PASS"></status>
</kw>
<kw library="TicTacToeKeywords" name="Mark Location">
<arguments>
<arg>2</arg>
<arg>0</arg>
</arguments>
<status endtime="20160904 11:13:43.912" starttime="20160904 11:13:43.910" status="PASS"></status>
</kw>
<kw name="Check Location">
<arguments>
<arg>2</arg>
<arg>0</arg>
<arg>O</arg>
</arguments>
<kw library="TicTacToeKeywords" name="Get Mark">
<arguments>
<arg>${row}</arg>
<arg>${col}</arg>
</arguments>
<assign>
<var>${m}</var>
</assign>
<msg level="INFO" timestamp="20160904 11:13:43.919">${m} = O</msg>
<status endtime="20160904 11:13:43.920" starttime="20160904 11:13:43.916" status="PASS"></status>
</kw>
<kw library="BuiltIn" name="Should Be Equal">
<doc>Fails if the given objects are unequal.</doc>
<arguments>
<arg>${m}</arg>
<arg>${mark}</arg>
</arguments>
<status endtime="20160904 11:13:43.925" starttime="20160904 11:13:43.922" status="PASS"></status>
</kw>
<status endtime="20160904 11:13:43.926" starttime="20160904 11:13:43.913" status="PASS"></status>
</kw>
<kw library="TicTacToeKeywords" name="Mark Location">
<arguments>
<arg>0</arg>
<arg>0</arg>
</arguments>
<status endtime="20160904 11:13:43.929" starttime="20160904 11:13:43.927" status="PASS"></status>
</kw>
<kw name="Check Location">
<arguments>
<arg>0</arg>
<arg>0</arg>
<arg>X</arg>
</arguments>
<kw library="TicTacToeKeywords" name="Get Mark">
<arguments>
<arg>${row}</arg>
<arg>${col}</arg>
</arguments>
<assign>
<var>${m}</var>
</assign>
<msg level="INFO" timestamp="20160904 11:13:43.934">${m} = X</msg>
<status endtime="20160904 11:13:43.934" starttime="20160904 11:13:43.931" status="PASS"></status>
</kw>
<kw library="BuiltIn" name="Should Be Equal">
<doc>Fails if the given objects are unequal.</doc>
<arguments>
<arg>${m}</arg>
<arg>${mark}</arg>
</arguments>
<status endtime="20160904 11:13:43.937" starttime="20160904 11:13:43.935" status="PASS"></status>
</kw>
<status endtime="20160904 11:13:43.938" starttime="20160904 11:13:43.929" status="PASS"></status>
</kw>
<kw library="TicTacToeKeywords" name="Mark Location">
<arguments>
<arg>2</arg>
<arg>2</arg>
</arguments>
<status endtime="20160904 11:13:43.940" starttime="20160904 11:13:43.939" status="PASS"></status>
</kw>
<kw name="Check Location">
<arguments>
<arg>2</arg>
<arg>2</arg>
<arg>O</arg>
</arguments>
<kw library="TicTacToeKeywords" name="Get Mark">
<arguments>
<arg>${row}</arg>
<arg>${col}</arg>
</arguments>
<assign>
<var>${m}</var>
</assign>
<msg level="INFO" timestamp="20160904 11:13:43.946">${m} = O</msg>
<status endtime="20160904 11:13:43.946" starttime="20160904 11:13:43.943" status="PASS"></status>
</kw>
<kw library="BuiltIn" name="Should Be Equal">
<doc>Fails if the given objects are unequal.</doc>
<arguments>
<arg>${m}</arg>
<arg>${mark}</arg>
</arguments>
<status endtime="20160904 11:13:43.949" starttime="20160904 11:13:43.947" status="PASS"></status>
</kw>
<status endtime="20160904 11:13:43.950" starttime="20160904 11:13:43.941" status="PASS"></status>
</kw>
<kw library="TicTacToeKeywords" name="Mark Location">
<arguments>
<arg>0</arg>
<arg>2</arg>
</arguments>
<status endtime="20160904 11:13:43.956" starttime="20160904 11:13:43.954" status="PASS"></status>
</kw>
<kw name="Check Location">
<arguments>
<arg>0</arg>
<arg>2</arg>
<arg>X</arg>
</arguments>
<kw library="TicTacToeKeywords" name="Get Mark">
<arguments>
<arg>${row}</arg>
<arg>${col}</arg>
</arguments>
<assign>
<var>${m}</var>
</assign>
<msg level="INFO" timestamp="20160904 11:13:43.963">${m} = X</msg>
<status endtime="20160904 11:13:43.964" starttime="20160904 11:13:43.960" status="PASS"></status>
</kw>
<kw library="BuiltIn" name="Should Be Equal">
<doc>Fails if the given objects are unequal.</doc>
<arguments>
<arg>${m}</arg>
<arg>${mark}</arg>
</arguments>
<status endtime="20160904 11:13:43.967" starttime="20160904 11:13:43.965" status="PASS"></status>
</kw>
<status endtime="20160904 11:13:43.968" starttime="20160904 11:13:43.957" status="PASS"></status>
</kw>
<kw library="TicTacToeKeywords" name="Mark Location">
<arguments>
<arg>2</arg>
<arg>1</arg>
</arguments>
<status endtime="20160904 11:13:43.972" starttime="20160904 11:13:43.969" status="PASS"></status>
</kw>
<kw name="Check Location">
<arguments>
<arg>2</arg>
<arg>1</arg>
<arg>O</arg>
</arguments>
<kw library="TicTacToeKeywords" name="Get Mark">
<arguments>
<arg>${row}</arg>
<arg>${col}</arg>
</arguments>
<assign>
<var>${m}</var>
</assign>
<msg level="INFO" timestamp="20160904 11:13:43.979">${m} = O</msg>
<status endtime="20160904 11:13:43.980" starttime="20160904 11:13:43.976" status="PASS"></status>
</kw>
<kw library="BuiltIn" name="Should Be Equal">
<doc>Fails if the given objects are unequal.</doc>
<arguments>
<arg>${m}</arg>
<arg>${mark}</arg>
</arguments>
<status endtime="20160904 11:13:43.984" starttime="20160904 11:13:43.981" status="PASS"></status>
</kw>
<status endtime="20160904 11:13:43.985" starttime="20160904 11:13:43.973" status="PASS"></status>
</kw>
<kw name="Winner Should Be">
<arguments>
<arg>O</arg>
</arguments>
<kw library="TicTacToeKeywords" name="Get Winner">
<assign>
<var>${m}</var>
</assign>
<msg level="INFO" timestamp="20160904 11:13:43.989">${m} = O</msg>
<status endtime="20160904 11:13:43.989" starttime="20160904 11:13:43.987" status="PASS"></status>
</kw>
<kw library="BuiltIn" name="Should Be Equal">
<doc>Fails if the given objects are unequal.</doc>
<arguments>
<arg>${m}</arg>
<arg>${mark}</arg>
</arguments>
<status endtime="20160904 11:13:43.992" starttime="20160904 11:13:43.990" status="PASS"></status>
</kw>
<status endtime="20160904 11:13:43.993" starttime="20160904 11:13:43.985" status="PASS"></status>
</kw>
<status critical="yes" endtime="20160904 11:13:43.994" starttime="20160904 11:13:43.890" status="PASS"></status>
</test>
<test name="Force a Tie" id="s1-t3">
<kw library="TicTacToeKeywords" name="Start New Game">
<status endtime="20160904 11:13:44.003" starttime="20160904 11:13:44.001" status="PASS"></status>
</kw>
<kw library="TicTacToeKeywords" name="Mark Location">
<arguments>
<arg>1</arg>
<arg>1</arg>
</arguments>
<status endtime="20160904 11:13:44.007" starttime="20160904 11:13:44.004" status="PASS"></status>
</kw>
<kw name="Check Location">
<arguments>
<arg>1</arg>
<arg>1</arg>
<arg>X</arg>
</arguments>
<kw library="TicTacToeKeywords" name="Get Mark">
<arguments>
<arg>${row}</arg>
<arg>${col}</arg>
</arguments>
<assign>
<var>${m}</var>
</assign>
<msg level="INFO" timestamp="20160904 11:13:44.012">${m} = X</msg>
<status endtime="20160904 11:13:44.013" starttime="20160904 11:13:44.010" status="PASS"></status>
</kw>
<kw library="BuiltIn" name="Should Be Equal">
<doc>Fails if the given objects are unequal.</doc>
<arguments>
<arg>${m}</arg>
<arg>${mark}</arg>
</arguments>
<status endtime="20160904 11:13:44.019" starttime="20160904 11:13:44.015" status="PASS"></status>
</kw>
<status endtime="20160904 11:13:44.020" starttime="20160904 11:13:44.008" status="PASS"></status>
</kw>
<kw library="TicTacToeKeywords" name="Mark Location">
<arguments>
<arg>0</arg>
<arg>0</arg>
</arguments>
<status endtime="20160904 11:13:44.023" starttime="20160904 11:13:44.021" status="PASS"></status>
</kw>
<kw name="Check Location">
<arguments>
<arg>0</arg>
<arg>0</arg>
<arg>O</arg>
</arguments>
<kw library="TicTacToeKeywords" name="Get Mark">
<arguments>
<arg>${row}</arg>
<arg>${col}</arg>
</arguments>
<assign>
<var>${m}</var>
</assign>
<msg level="INFO" timestamp="20160904 11:13:44.030">${m} = O</msg>
<status endtime="20160904 11:13:44.031" starttime="20160904 11:13:44.027" status="PASS"></status>
</kw>
<kw library="BuiltIn" name="Should Be Equal">
<doc>Fails if the given objects are unequal.</doc>
<arguments>
<arg>${m}</arg>
<arg>${mark}</arg>
</arguments>
<status endtime="20160904 11:13:44.035" starttime="20160904 11:13:44.032" status="PASS"></status>
</kw>
<status endtime="20160904 11:13:44.036" starttime="20160904 11:13:44.024" status="PASS"></status>
</kw>
<kw library="TicTacToeKeywords" name="Mark Location">
<arguments>
<arg>2</arg>
<arg>0</arg>
</arguments>
<status endtime="20160904 11:13:44.038" starttime="20160904 11:13:44.037" status="PASS"></status>
</kw>
<kw name="Check Location">
<arguments>
<arg>2</arg>
<arg>0</arg>
<arg>X</arg>
</arguments>
<kw library="TicTacToeKeywords" name="Get Mark">
<arguments>
<arg>${row}</arg>
<arg>${col}</arg>
</arguments>
<assign>
<var>${m}</var>
</assign>
<msg level="INFO" timestamp="20160904 11:13:44.043">${m} = X</msg>
<status endtime="20160904 11:13:44.044" starttime="20160904 11:13:44.041" status="PASS"></status>
</kw>
<kw library="BuiltIn" name="Should Be Equal">
<doc>Fails if the given objects are unequal.</doc>
<arguments>
<arg>${m}</arg>
<arg>${mark}</arg>
</arguments>
<status endtime="20160904 11:13:44.047" starttime="20160904 11:13:44.044" status="PASS"></status>
</kw>
<status endtime="20160904 11:13:44.047" starttime="20160904 11:13:44.039" status="PASS"></status>
</kw>
<kw library="TicTacToeKeywords" name="Mark Location">
<arguments>
<arg>0</arg>
<arg>2</arg>
</arguments>
<status endtime="20160904 11:13:44.050" starttime="20160904 11:13:44.048" status="PASS"></status>
</kw>
<kw name="Check Location">
<arguments>
<arg>0</arg>
<arg>2</arg>
<arg>O</arg>
</arguments>
<kw library="TicTacToeKeywords" name="Get Mark">
<arguments>
<arg>${row}</arg>
<arg>${col}</arg>
</arguments>
<assign>
<var>${m}</var>
</assign>
<msg level="INFO" timestamp="20160904 11:13:44.055">${m} = O</msg>
<status endtime="20160904 11:13:44.056" starttime="20160904 11:13:44.053" status="PASS"></status>
</kw>
<kw library="BuiltIn" name="Should Be Equal">
<doc>Fails if the given objects are unequal.</doc>
<arguments>
<arg>${m}</arg>
<arg>${mark}</arg>
</arguments>
<status endtime="20160904 11:13:44.058" starttime="20160904 11:13:44.056" status="PASS"></status>
</kw>
<status endtime="20160904 11:13:44.059" starttime="20160904 11:13:44.051" status="PASS"></status>
</kw>
<kw library="TicTacToeKeywords" name="Mark Location">
<arguments>
<arg>0</arg>
<arg>1</arg>
</arguments>
<status endtime="20160904 11:13:44.065" starttime="20160904 11:13:44.062" status="PASS"></status>
</kw>
<kw name="Check Location">
<arguments>
<arg>0</arg>
<arg>1</arg>
<arg>X</arg>
</arguments>
<kw library="TicTacToeKeywords" name="Get Mark">
<arguments>
<arg>${row}</arg>
<arg>${col}</arg>
</arguments>
<assign>
<var>${m}</var>
</assign>
<msg level="INFO" timestamp="20160904 11:13:44.070">${m} = X</msg>
<status endtime="20160904 11:13:44.070" starttime="20160904 11:13:44.067" status="PASS"></status>
</kw>
<kw library="BuiltIn" name="Should Be Equal">
<doc>Fails if the given objects are unequal.</doc>
<arguments>
<arg>${m}</arg>
<arg>${mark}</arg>
</arguments>
<status endtime="20160904 11:13:44.073" starttime="20160904 11:13:44.071" status="PASS"></status>
</kw>
<status endtime="20160904 11:13:44.074" starttime="20160904 11:13:44.065" status="PASS"></status>
</kw>
<kw library="TicTacToeKeywords" name="Mark Location">
<arguments>
<arg>2</arg>
<arg>1</arg>
</arguments>
<status endtime="20160904 11:13:44.076" starttime="20160904 11:13:44.075" status="PASS"></status>
</kw>
<kw name="Check Location">
<arguments>
<arg>2</arg>
<arg>1</arg>
<arg>O</arg>
</arguments>
<kw library="TicTacToeKeywords" name="Get Mark">
<arguments>
<arg>${row}</arg>
<arg>${col}</arg>
</arguments>
<assign>
<var>${m}</var>
</assign>
<msg level="INFO" timestamp="20160904 11:13:44.082">${m} = O</msg>
<status endtime="20160904 11:13:44.082" starttime="20160904 11:13:44.080" status="PASS"></status>
</kw>
<kw library="BuiltIn" name="Should Be Equal">
<doc>Fails if the given objects are unequal.</doc>
<arguments>
<arg>${m}</arg>
<arg>${mark}</arg>
</arguments>
<status endtime="20160904 11:13:44.086" starttime="20160904 11:13:44.083" status="PASS"></status>
</kw>
<status endtime="20160904 11:13:44.086" starttime="20160904 11:13:44.077" status="PASS"></status>
</kw>
<kw library="TicTacToeKeywords" name="Mark Location">
<arguments>
<arg>1</arg>
<arg>2</arg>
</arguments>
<status endtime="20160904 11:13:44.089" starttime="20160904 11:13:44.087" status="PASS"></status>
</kw>
<kw name="Check Location">
<arguments>
<arg>1</arg>
<arg>2</arg>
<arg>X</arg>
</arguments>
<kw library="TicTacToeKeywords" name="Get Mark">
<arguments>
<arg>${row}</arg>
<arg>${col}</arg>
</arguments>
<assign>
<var>${m}</var>
</assign>
<msg level="INFO" timestamp="20160904 11:13:44.093">${m} = X</msg>
<status endtime="20160904 11:13:44.093" starttime="20160904 11:13:44.091" status="PASS"></status>
</kw>
<kw library="BuiltIn" name="Should Be Equal">
<doc>Fails if the given objects are unequal.</doc>
<arguments>
<arg>${m}</arg>
<arg>${mark}</arg>
</arguments>
<status endtime="20160904 11:13:44.096" starttime="20160904 11:13:44.094" status="PASS"></status>
</kw>
<status endtime="20160904 11:13:44.096" starttime="20160904 11:13:44.089" status="PASS"></status>
</kw>
<kw library="TicTacToeKeywords" name="Mark Location">
<arguments>
<arg>1</arg>
<arg>0</arg>
</arguments>
<status endtime="20160904 11:13:44.099" starttime="20160904 11:13:44.097" status="PASS"></status>
</kw>
<kw name="Check Location">
<arguments>
<arg>1</arg>
<arg>0</arg>
<arg>O</arg>
</arguments>
<kw library="TicTacToeKeywords" name="Get Mark">
<arguments>
<arg>${row}</arg>
<arg>${col}</arg>
</arguments>
<assign>
<var>${m}</var>
</assign>
<msg level="INFO" timestamp="20160904 11:13:44.103">${m} = O</msg>
<status endtime="20160904 11:13:44.103" starttime="20160904 11:13:44.101" status="PASS"></status>
</kw>
<kw library="BuiltIn" name="Should Be Equal">
<doc>Fails if the given objects are unequal.</doc>
<arguments>
<arg>${m}</arg>
<arg>${mark}</arg>
</arguments>
<status endtime="20160904 11:13:44.107" starttime="20160904 11:13:44.104" status="PASS"></status>
</kw>
<status endtime="20160904 11:13:44.107" starttime="20160904 11:13:44.099" status="PASS"></status>
</kw>
<kw library="TicTacToeKeywords" name="Mark Location">
<arguments>
<arg>2</arg>
<arg>2</arg>
</arguments>
<status endtime="20160904 11:13:44.113" starttime="20160904 11:13:44.111" status="PASS"></status>
</kw>
<kw name="Check Location">
<arguments>
<arg>2</arg>
<arg>2</arg>
<arg>X</arg>
</arguments>
<kw library="TicTacToeKeywords" name="Get Mark">
<arguments>
<arg>${row}</arg>
<arg>${col}</arg>
</arguments>
<assign>
<var>${m}</var>
</assign>
<msg level="INFO" timestamp="20160904 11:13:44.118">${m} = X</msg>
<status endtime="20160904 11:13:44.118" starttime="20160904 11:13:44.115" status="PASS"></status>
</kw>
<kw library="BuiltIn" name="Should Be Equal">
<doc>Fails if the given objects are unequal.</doc>
<arguments>
<arg>${m}</arg>
<arg>${mark}</arg>
</arguments>
<status endtime="20160904 11:13:44.121" starttime="20160904 11:13:44.119" status="PASS"></status>
</kw>
<status endtime="20160904 11:13:44.122" starttime="20160904 11:13:44.113" status="PASS"></status>
</kw>
<kw name="Winner Should Be">
<arguments>
<arg>TIE</arg>
</arguments>
<kw library="TicTacToeKeywords" name="Get Winner">
<assign>
<var>${m}</var>
</assign>
<msg level="INFO" timestamp="20160904 11:13:44.125">${m} = TIE</msg>
<status endtime="20160904 11:13:44.125" starttime="20160904 11:13:44.124" status="PASS"></status>
</kw>
<kw library="BuiltIn" name="Should Be Equal">
<doc>Fails if the given objects are unequal.</doc>
<arguments>
<arg>${m}</arg>
<arg>${mark}</arg>
</arguments>
<status endtime="20160904 11:13:44.128" starttime="20160904 11:13:44.126" status="PASS"></status>
</kw>
<status endtime="20160904 11:13:44.128" starttime="20160904 11:13:44.122" status="PASS"></status>
</kw>
<status critical="yes" endtime="20160904 11:13:44.129" starttime="20160904 11:13:43.998" status="PASS"></status>
</test>
<status endtime="20160904 11:13:44.134" starttime="20160904 11:13:43.436" status="PASS"></status>
</suite>
<statistics>
<total>
<stat pass="3" fail="0">Critical Tests</stat>
<stat pass="3" fail="0">All Tests</stat>
</total>
<tag>
</tag>
<suite>
<stat pass="3" fail="0" name="TicTacToeTests" id="s1">TicTacToeTests</stat>
</suite>
</statistics>
<errors>
</errors>
</robot>
