<?xml version="1.0" encoding="UTF-8"?>
<robot generator="Robot 2.9 (Jython 2.7.0 on java1.8.0_51)" generated="20160908 12:11:43.808">
<suite source="C:\Users\Cody\Desktop\tic-tac-toe\acceptance\TicTacToeGUITest.txt" name="TicTacToeGUITest" id="s1">
<test name="Win Diagonally as X" id="s1-t1">
<kw name="Start New Game">
<kw name="Start Application">
<arguments>
<arg>edu.jsu.mcis.TicTacToeGame</arg>
</arguments>
<msg level="FAIL" timestamp="20160908 12:11:44.125">No keyword with name 'Start Application' found.</msg>
<status endtime="20160908 12:11:44.126" starttime="20160908 12:11:44.123" status="FAIL"></status>
</kw>
<status endtime="20160908 12:11:44.128" starttime="20160908 12:11:44.108" status="FAIL"></status>
</kw>
<status critical="yes" endtime="20160908 12:11:44.130" starttime="20160908 12:11:44.102" status="FAIL">No keyword with name 'Start Application' found.</status>
</test>
<test name="Win Horizontally as O" id="s1-t2">
<kw name="Start New Game">
<kw name="Start Application">
<arguments>
<arg>edu.jsu.mcis.TicTacToeGame</arg>
</arguments>
<msg level="FAIL" timestamp="20160908 12:11:44.156">No keyword with name 'Start Application' found.</msg>
<status endtime="20160908 12:11:44.157" starttime="20160908 12:11:44.155" status="FAIL"></status>
</kw>
<status endtime="20160908 12:11:44.157" starttime="20160908 12:11:44.141" status="FAIL"></status>
</kw>
<status critical="yes" endtime="20160908 12:11:44.159" starttime="20160908 12:11:44.137" status="FAIL">No keyword with name 'Start Application' found.</status>
</test>
<test name="Force a Tie" id="s1-t3">
<kw name="Start New Game">
<kw name="Start Application">
<arguments>
<arg>edu.jsu.mcis.TicTacToeGame</arg>
</arguments>
<msg level="FAIL" timestamp="20160908 12:11:44.184">No keyword with name 'Start Application' found.</msg>
<status endtime="20160908 12:11:44.185" starttime="20160908 12:11:44.183" status="FAIL"></status>
</kw>
<status endtime="20160908 12:11:44.187" starttime="20160908 12:11:44.169" status="FAIL"></status>
</kw>
<status critical="yes" endtime="20160908 12:11:44.189" starttime="20160908 12:11:44.166" status="FAIL">No keyword with name 'Start Application' found.</status>
</test>
<status endtime="20160908 12:11:44.199" starttime="20160908 12:11:43.818" status="FAIL"></status>
</suite>
<statistics>
<total>
<stat pass="0" fail="3">Critical Tests</stat>
<stat pass="0" fail="3">All Tests</stat>
</total>
<tag>
</tag>
<suite>
<stat pass="0" fail="3" name="TicTacToeGUITest" id="s1">TicTacToeGUITest</stat>
</suite>
</statistics>
<errors>
<msg level="ERROR" timestamp="20160908 12:11:44.090">Error in file 'C:\Users\Cody\Desktop\tic-tac-toe\acceptance\TicTacToeGUITest.txt': Importing test library 'SwingLibrary' failed: ImportError: No module named SwingLibrary
Traceback (most recent call last):
  None
PYTHONPATH:
  C:\RobotFramework\Lib
  C:\RobotFramework\robotframework-2.9.jar\Lib
  __classpath__
  __pyclasspath__/
CLASSPATH:
  .
  ..\build\classes\main
  C:\RobotFramework\robotframework-2.9.jar</msg>
</errors>
</robot>
